Wed Jul 6 17:12:16 CST 2022
Wed Jul 6 17:52:02 CST 2022
Wed Jul 6 18:36:47 CST 2022
Wed Jul 6 18:52:26 CST 2022
Wed Jul 6 19:29:57 CST 2022
Wed Jul 6 19:52:12 CST 2022
Wed Jul 6 21:15:32 CST 2022
Wed Jul 6 21:58:27 CST 2022
Wed Jul 6 22:35:22 CST 2022
Wed Jul 6 23:02:26 CST 2022
Wed Jul 6 23:37:46 CST 2022
Wed Jul 6 23:55:05 CST 2022
Thu Jul 7 00:50:44 CST 2022
Thu Jul 7 01:37:26 CST 2022
Thu Jul 7 01:52:03 CST 2022
Thu Jul 7 02:39:23 CST 2022
Thu Jul 7 02:56:41 CST 2022
Thu Jul 7 03:25:29 CST 2022
Thu Jul 7 03:52:04 CST 2022
Thu Jul 7 04:31:38 CST 2022
Thu Jul 7 04:52:09 CST 2022
Thu Jul 7 05:29:06 CST 2022
Thu Jul 7 05:52:03 CST 2022
Thu Jul 7 06:31:56 CST 2022
Thu Jul 7 06:52:14 CST 2022
Thu Jul 7 07:29:57 CST 2022
Thu Jul 7 07:52:06 CST 2022
Thu Jul 7 10:44:00 CST 2022
Thu Jul 7 11:58:56 CST 2022
Thu Jul 7 12:59:44 CST 2022
Thu Jul 7 13:37:00 CST 2022
Thu Jul 7 13:52:02 CST 2022
Thu Jul 7 14:04:42 CST 2022
Thu Jul 7 14:40:31 CST 2022
Thu Jul 7 14:56:28 CST 2022
Thu Jul 7 15:30:09 CST 2022
Thu Jul 7 15:52:02 CST 2022
Thu Jul 7 16:39:22 CST 2022
Thu Jul 7 16:54:42 CST 2022
Thu Jul 7 17:35:21 CST 2022
Thu Jul 7 18:01:15 CST 2022
Thu Jul 7 18:35:50 CST 2022
Thu Jul 7 18:57:54 CST 2022
Thu Jul 7 19:29:03 CST 2022
Thu Jul 7 19:52:01 CST 2022
Thu Jul 7 21:00:54 CST 2022
Thu Jul 7 21:52:10 CST 2022
Thu Jul 7 22:39:40 CST 2022
Thu Jul 7 22:56:30 CST 2022
Thu Jul 7 23:36:00 CST 2022
Thu Jul 7 23:59:21 CST 2022
Fri Jul 8 00:54:37 CST 2022
Fri Jul 8 01:39:55 CST 2022
Fri Jul 8 01:53:21 CST 2022
Fri Jul 8 02:40:49 CST 2022
Fri Jul 8 02:56:19 CST 2022
Fri Jul 8 03:25:14 CST 2022
Fri Jul 8 03:52:01 CST 2022
Fri Jul 8 04:32:06 CST 2022
Fri Jul 8 04:52:09 CST 2022
Fri Jul 8 05:29:04 CST 2022
Fri Jul 8 05:52:12 CST 2022
Fri Jul 8 06:31:49 CST 2022
Fri Jul 8 06:51:54 CST 2022
Fri Jul 8 07:31:40 CST 2022
Fri Jul 8 07:51:59 CST 2022
Fri Jul 8 10:40:02 CST 2022
Fri Jul 8 11:53:44 CST 2022
Fri Jul 8 12:56:45 CST 2022
Fri Jul 8 13:35:34 CST 2022
Fri Jul 8 13:51:58 CST 2022
Fri Jul 8 14:39:15 CST 2022
Fri Jul 8 14:55:40 CST 2022
Fri Jul 8 15:29:03 CST 2022
Fri Jul 8 15:51:59 CST 2022
Fri Jul 8 16:40:00 CST 2022
Fri Jul 8 16:55:10 CST 2022
Fri Jul 8 17:32:47 CST 2022
Fri Jul 8 18:01:26 CST 2022
Fri Jul 8 18:35:06 CST 2022
Fri Jul 8 18:52:37 CST 2022
Fri Jul 8 19:28:51 CST 2022
Fri Jul 8 19:52:03 CST 2022
Fri Jul 8 20:59:29 CST 2022
Fri Jul 8 21:47:43 CST 2022
Fri Jul 8 22:31:28 CST 2022
Fri Jul 8 22:54:32 CST 2022
Fri Jul 8 23:45:25 CST 2022
Sat Jul 9 00:01:51 CST 2022
Sat Jul 9 00:54:07 CST 2022
Sat Jul 9 01:41:02 CST 2022
Sat Jul 9 01:54:29 CST 2022
Sat Jul 9 02:39:19 CST 2022
Sat Jul 9 02:55:11 CST 2022
Sat Jul 9 03:25:45 CST 2022
Sat Jul 9 03:52:11 CST 2022
Sat Jul 9 04:35:39 CST 2022
Sat Jul 9 04:51:57 CST 2022
Sat Jul 9 05:29:49 CST 2022
Sat Jul 9 05:51:58 CST 2022
Sat Jul 9 06:30:51 CST 2022
Sat Jul 9 06:52:02 CST 2022
Sat Jul 9 07:30:29 CST 2022
Sat Jul 9 07:51:57 CST 2022
Sat Jul 9 10:25:58 CST 2022
Sat Jul 9 11:35:49 CST 2022
Sat Jul 9 12:03:14 CST 2022
Sat Jul 9 12:41:58 CST 2022
Sat Jul 9 12:57:00 CST 2022
Sat Jul 9 13:27:48 CST 2022
Sat Jul 9 13:51:58 CST 2022
Sat Jul 9 14:36:15 CST 2022
Sat Jul 9 14:53:30 CST 2022
Sat Jul 9 15:28:57 CST 2022
Sat Jul 9 15:52:08 CST 2022
Sat Jul 9 16:35:31 CST 2022
Sat Jul 9 16:52:47 CST 2022
Sat Jul 9 17:29:46 CST 2022
Sat Jul 9 17:52:05 CST 2022
Sat Jul 9 18:35:09 CST 2022
Sat Jul 9 18:51:59 CST 2022
Sat Jul 9 19:26:36 CST 2022
Sat Jul 9 19:52:08 CST 2022
Sat Jul 9 20:52:22 CST 2022
Sat Jul 9 21:36:56 CST 2022
Sat Jul 9 21:52:08 CST 2022
Sat Jul 9 22:27:47 CST 2022
Sat Jul 9 22:52:00 CST 2022
Sat Jul 9 23:32:29 CST 2022
Sat Jul 9 23:51:58 CST 2022
Sun Jul 10 00:43:38 CST 2022
Sun Jul 10 01:00:48 CST 2022
Sun Jul 10 01:30:43 CST 2022
Sun Jul 10 01:52:02 CST 2022
Sun Jul 10 02:35:36 CST 2022
Sun Jul 10 02:53:05 CST 2022
Sun Jul 10 03:24:47 CST 2022
Sun Jul 10 03:52:07 CST 2022
Sun Jul 10 04:30:30 CST 2022
Sun Jul 10 04:52:00 CST 2022
Sun Jul 10 05:28:37 CST 2022
Sun Jul 10 05:52:03 CST 2022
Sun Jul 10 06:31:01 CST 2022
Sun Jul 10 06:51:57 CST 2022
Sun Jul 10 07:30:01 CST 2022
Sun Jul 10 07:52:08 CST 2022
Sun Jul 10 10:43:18 CST 2022
Sun Jul 10 11:45:24 CST 2022
Sun Jul 10 12:44:45 CST 2022
Sun Jul 10 13:00:34 CST 2022
Sun Jul 10 13:29:14 CST 2022
Sun Jul 10 13:51:55 CST 2022
Sun Jul 10 14:36:44 CST 2022
Sun Jul 10 14:54:02 CST 2022
Sun Jul 10 15:30:57 CST 2022
Sun Jul 10 15:52:00 CST 2022
Sun Jul 10 16:34:51 CST 2022
Sun Jul 10 16:53:27 CST 2022
Sun Jul 10 17:29:23 CST 2022
Sun Jul 10 17:51:56 CST 2022
Sun Jul 10 18:32:18 CST 2022
Sun Jul 10 18:51:57 CST 2022
Sun Jul 10 19:26:37 CST 2022
Sun Jul 10 19:52:11 CST 2022
Sun Jul 10 20:50:47 CST 2022
Sun Jul 10 21:35:51 CST 2022
Sun Jul 10 21:52:01 CST 2022
Sun Jul 10 22:29:17 CST 2022
Sun Jul 10 22:52:18 CST 2022
Sun Jul 10 23:32:22 CST 2022
Sun Jul 10 23:53:49 CST 2022
Mon Jul 11 00:44:18 CST 2022
Mon Jul 11 01:01:25 CST 2022
Mon Jul 11 01:30:17 CST 2022
Mon Jul 11 01:52:03 CST 2022
Mon Jul 11 02:35:50 CST 2022
Mon Jul 11 02:53:08 CST 2022
Mon Jul 11 03:24:36 CST 2022
Mon Jul 11 03:52:01 CST 2022
Mon Jul 11 04:30:58 CST 2022
Mon Jul 11 04:52:39 CST 2022
Mon Jul 11 05:29:07 CST 2022
Mon Jul 11 05:51:58 CST 2022
Mon Jul 11 06:30:55 CST 2022
Mon Jul 11 06:52:10 CST 2022
Mon Jul 11 07:30:31 CST 2022
Mon Jul 11 07:52:02 CST 2022
Mon Jul 11 10:35:25 CST 2022
Mon Jul 11 11:49:01 CST 2022
Mon Jul 11 12:55:50 CST 2022
Mon Jul 11 13:36:11 CST 2022
Mon Jul 11 13:52:01 CST 2022
Mon Jul 11 14:41:16 CST 2022
Mon Jul 11 14:57:19 CST 2022
Mon Jul 11 15:31:13 CST 2022
Mon Jul 11 15:52:12 CST 2022
Mon Jul 11 16:41:15 CST 2022
Mon Jul 11 16:56:48 CST 2022
Mon Jul 11 17:41:31 CST 2022
Mon Jul 11 17:54:18 CST 2022
Mon Jul 11 18:34:50 CST 2022
Mon Jul 11 19:02:16 CST 2022
Mon Jul 11 19:37:16 CST 2022
Mon Jul 11 19:58:16 CST 2022
Mon Jul 11 21:12:36 CST 2022
Mon Jul 11 21:58:22 CST 2022
Mon Jul 11 22:31:17 CST 2022
Mon Jul 11 22:57:32 CST 2022
Mon Jul 11 23:34:35 CST 2022
Mon Jul 11 23:58:17 CST 2022
Tue Jul 12 00:53:17 CST 2022
Tue Jul 12 01:41:51 CST 2022
Tue Jul 12 01:54:59 CST 2022
Tue Jul 12 02:38:17 CST 2022
Tue Jul 12 02:54:48 CST 2022
Tue Jul 12 03:25:53 CST 2022
Tue Jul 12 03:52:05 CST 2022
Tue Jul 12 04:32:09 CST 2022
Tue Jul 12 05:01:16 CST 2022
Tue Jul 12 05:29:21 CST 2022
Tue Jul 12 05:52:08 CST 2022
Tue Jul 12 06:31:21 CST 2022
Tue Jul 12 06:51:57 CST 2022
Tue Jul 12 07:30:34 CST 2022
Tue Jul 12 07:52:01 CST 2022
Tue Jul 12 10:47:16 CST 2022
Tue Jul 12 12:35:19 CST 2022
Tue Jul 12 13:27:11 CST 2022
Tue Jul 12 13:55:37 CST 2022
Tue Jul 12 14:41:40 CST 2022
Tue Jul 12 14:57:48 CST 2022
Tue Jul 12 15:29:48 CST 2022
Tue Jul 12 16:01:17 CST 2022
Tue Jul 12 16:40:41 CST 2022
Tue Jul 12 16:56:10 CST 2022
Tue Jul 12 17:30:50 CST 2022
Tue Jul 12 17:52:11 CST 2022
Tue Jul 12 18:34:48 CST 2022
Tue Jul 12 18:52:00 CST 2022
Tue Jul 12 19:28:02 CST 2022
Tue Jul 12 19:52:04 CST 2022
Tue Jul 12 21:03:39 CST 2022
Tue Jul 12 21:52:24 CST 2022
Tue Jul 12 22:38:22 CST 2022
Tue Jul 12 22:52:02 CST 2022
Tue Jul 12 23:34:25 CST 2022
Tue Jul 12 23:57:25 CST 2022
Wed Jul 13 00:50:29 CST 2022
Wed Jul 13 01:34:30 CST 2022
Wed Jul 13 01:52:04 CST 2022
Wed Jul 13 02:39:59 CST 2022
Wed Jul 13 02:56:02 CST 2022
Wed Jul 13 03:26:11 CST 2022
Wed Jul 13 03:52:04 CST 2022
Wed Jul 13 04:33:46 CST 2022
Wed Jul 13 04:52:02 CST 2022
Wed Jul 13 05:29:32 CST 2022
Wed Jul 13 05:52:05 CST 2022
Wed Jul 13 06:31:39 CST 2022
Wed Jul 13 06:52:00 CST 2022
Wed Jul 13 07:31:07 CST 2022
Wed Jul 13 07:52:00 CST 2022
Wed Jul 13 10:38:37 CST 2022
Wed Jul 13 11:52:42 CST 2022
Wed Jul 13 12:53:05 CST 2022
Wed Jul 13 13:33:03 CST 2022
Wed Jul 13 13:52:03 CST 2022
Wed Jul 13 14:40:55 CST 2022
Wed Jul 13 14:56:47 CST 2022
Wed Jul 13 15:29:14 CST 2022
Wed Jul 13 15:52:20 CST 2022
Wed Jul 13 16:39:32 CST 2022
Wed Jul 13 16:54:25 CST 2022
Wed Jul 13 17:36:26 CST 2022
Wed Jul 13 17:52:05 CST 2022
Wed Jul 13 18:39:08 CST 2022
Wed Jul 13 18:52:16 CST 2022
Wed Jul 13 19:28:44 CST 2022
Wed Jul 13 19:52:06 CST 2022
Wed Jul 13 21:01:14 CST 2022
Wed Jul 13 21:54:02 CST 2022
Wed Jul 13 22:40:33 CST 2022
Wed Jul 13 22:56:37 CST 2022
Wed Jul 13 23:36:37 CST 2022
Wed Jul 13 23:59:22 CST 2022
Thu Jul 14 00:51:45 CST 2022
Thu Jul 14 01:38:07 CST 2022
Thu Jul 14 01:52:26 CST 2022
Thu Jul 14 02:37:01 CST 2022
Thu Jul 14 02:54:04 CST 2022
Thu Jul 14 03:25:57 CST 2022
Thu Jul 14 03:52:01 CST 2022
Thu Jul 14 04:32:51 CST 2022
Thu Jul 14 04:52:01 CST 2022
Thu Jul 14 05:31:24 CST 2022
Thu Jul 14 05:52:07 CST 2022
Thu Jul 14 06:31:04 CST 2022
Thu Jul 14 06:52:13 CST 2022
Thu Jul 14 07:31:13 CST 2022
Thu Jul 14 07:52:08 CST 2022
Thu Jul 14 10:43:34 CST 2022
Thu Jul 14 12:01:02 CST 2022
Thu Jul 14 13:05:16 CST 2022
Thu Jul 14 13:42:29 CST 2022
Thu Jul 14 13:54:28 CST 2022
Thu Jul 14 14:40:54 CST 2022
Thu Jul 14 14:56:43 CST 2022
Thu Jul 14 15:30:25 CST 2022
Thu Jul 14 15:52:16 CST 2022
Thu Jul 14 16:37:56 CST 2022
Thu Jul 14 16:53:18 CST 2022
Thu Jul 14 17:32:07 CST 2022
Thu Jul 14 17:52:06 CST 2022
Thu Jul 14 18:36:15 CST 2022
Thu Jul 14 18:52:19 CST 2022
Thu Jul 14 19:27:49 CST 2022
Thu Jul 14 19:52:01 CST 2022
Thu Jul 14 21:01:46 CST 2022
Thu Jul 14 21:53:09 CST 2022
Thu Jul 14 22:31:21 CST 2022
Thu Jul 14 22:52:19 CST 2022
Thu Jul 14 23:36:18 CST 2022
Thu Jul 14 23:54:17 CST 2022
Fri Jul 15 00:54:40 CST 2022
Fri Jul 15 01:43:12 CST 2022
Fri Jul 15 01:55:59 CST 2022
Fri Jul 15 02:38:13 CST 2022
Fri Jul 15 02:54:43 CST 2022
Fri Jul 15 03:25:39 CST 2022
Fri Jul 15 03:52:06 CST 2022
Fri Jul 15 04:33:03 CST 2022
Fri Jul 15 04:52:03 CST 2022
Fri Jul 15 05:30:35 CST 2022
Fri Jul 15 05:52:02 CST 2022
Fri Jul 15 06:33:08 CST 2022
Fri Jul 15 06:51:59 CST 2022
Fri Jul 15 07:32:37 CST 2022
Fri Jul 15 07:52:10 CST 2022
Fri Jul 15 10:56:31 CST 2022
Fri Jul 15 12:39:29 CST 2022
